<?xml version="1.0" encoding="UTF-8"?>
<!-- Generated by org.testng.reporters.JUnitReportReporter -->
<testsuite hostname="Kamini92" failures="0" tests="1" name="test.CarLoanTest" time="0.001" errors="0" timestamp="21 Apr 2023 08:38:14 GMT" skipped="0">
  <testcase classname="test.CarLoanTest" name="test3" time="0.001"/>
</testsuite> <!-- test.CarLoanTest -->
