<?xml version="1.0" encoding="UTF-8"?>
<!-- Generated by org.testng.reporters.JUnitReportReporter -->
<testsuite hostname="Kamini92" failures="0" tests="1" name="test.HomeLoanTest" time="0.005" errors="0" timestamp="21 Apr 2023 08:58:22 GMT" skipped="0">
  <testcase classname="test.HomeLoanTest" name="test2" time="0.005"/>
</testsuite> <!-- test.HomeLoanTest -->
