<?xml version="1.0" encoding="UTF-8"?>
<!-- Generated by org.testng.reporters.JUnitReportReporter -->
<testsuite skipped="0" hostname="Kamini92" name="test.HomeLoanTest" tests="2" failures="0" timestamp="21 Apr 2023 09:10:50 GMT" time="0.001" errors="0">
  <testcase name="test2" time="0.001" classname="test.HomeLoanTest"/>
  <testcase name="test1" time="0.000" classname="test.HomeLoanTest"/>
</testsuite> <!-- test.HomeLoanTest -->
