<?xml version="1.0" encoding="UTF-8"?>
<!-- Generated by org.testng.reporters.JUnitReportReporter -->
<testsuite skipped="0" hostname="Kamini92" name="test.CarLoanTest" tests="1" failures="0" timestamp="21 Apr 2023 09:10:50 GMT" time="0.000" errors="0">
  <testcase name="test3" time="0.000" classname="test.CarLoanTest"/>
</testsuite> <!-- test.CarLoanTest -->
